<?xml version="1.0" encoding="UTF-8"?>
<!-- Generated by org.testng.reporters.JUnitXMLReporter -->
<testsuite ignored="6" hostname="03RNBL-1TF9JM3" failures="6" tests="22" name="Test Case-1" time="173.659" errors="0" timestamp="03 Oct 2022 04:34:45 GMT">
  <testcase classname="YourLogo_Assessment.BaseTest" name="@AfterMethod TakeScreenshot" time="0.0">
    <failure type="org.testng.TestNGException" message="
Can inject only one of &amp;lt;ITestContext, XmlTest, Method, Object[], ITestResult&amp;gt; into a @AfterMethod annotated TakeScreenshot.
For more information on native dependency injection please refer to http://testng.org/doc/documentation-main.html#native-dependency-injection">
      <![CDATA[org.testng.TestNGException: 
Can inject only one of <ITestContext, XmlTest, Method, Object[], ITestResult> into a @AfterMethod annotated TakeScreenshot.
For more information on native dependency injection please refer to http://testng.org/doc/documentation-main.html#native-dependency-injection
... Removed 25 stack frames]]>
    </failure>
  </testcase> <!-- @AfterMethod TakeScreenshot -->
  <testcase classname="YourLogo_Assessment.BaseTest" name="@AfterMethod TakeScreenshot" time="0.0">
    <skipped/>
  </testcase> <!-- @AfterMethod TakeScreenshot -->
  <testcase classname="YourLogo_Assessment.BaseTest" name="@AfterMethod TakeScreenshot" time="0.0">
    <skipped/>
  </testcase> <!-- @AfterMethod TakeScreenshot -->
  <testcase classname="YourLogo_Assessment.BaseTest" name="@AfterMethod TakeScreenshot" time="0.0">
    <skipped/>
  </testcase> <!-- @AfterMethod TakeScreenshot -->
  <testcase classname="YourLogo_Assessment.BaseTest" name="@AfterMethod TakeScreenshot" time="0.0">
    <skipped/>
  </testcase> <!-- @AfterMethod TakeScreenshot -->
  <testcase classname="YourLogo_Assessment.BaseTest" name="@AfterMethod TakeScreenshot" time="0.0">
    <skipped/>
  </testcase> <!-- @AfterMethod TakeScreenshot -->
  <testcase classname="YourLogo_Assessment.BaseTest" name="@AfterMethod TakeScreenshot" time="0.0">
    <skipped/>
  </testcase> <!-- @AfterMethod TakeScreenshot -->
  <testcase classname="YourLogo_Assessment.BaseTest" name="@AfterMethod TakeScreenshot" time="0.0">
    <skipped/>
  </testcase> <!-- @AfterMethod TakeScreenshot -->
  <testcase classname="YourLogo_Assessment.BaseTest" name="@AfterMethod TakeScreenshot" time="0.0">
    <skipped/>
  </testcase> <!-- @AfterMethod TakeScreenshot -->
  <testcase classname="YourLogo_Assessment.BaseTest" name="@AfterMethod TakeScreenshot" time="0.0">
    <skipped/>
  </testcase> <!-- @AfterMethod TakeScreenshot -->
  <testcase classname="YourLogo_Assessment.BaseTest" name="@AfterMethod TakeScreenshot" time="0.0">
    <skipped/>
  </testcase> <!-- @AfterMethod TakeScreenshot -->
  <testcase classname="YourLogo_Assessment.BaseTest" name="@AfterTest tear_down" time="0.0">
    <skipped/>
  </testcase> <!-- @AfterTest tear_down -->
  <testcase classname="YourLogo_Assessment.TC1_SearchAndVerify" name="@AfterTest tearDown" time="0.0">
    <skipped/>
  </testcase> <!-- @AfterTest tearDown -->
  <testcase classname="YourLogo_Assessment.TC4_SignIn_using_credentials" name="@AfterTest tearDown" time="0.0">
    <skipped/>
  </testcase> <!-- @AfterTest tearDown -->
  <testcase classname="YourLogo_Assessment.TC1_SearchAndVerify" name="OpenURL" time="2.299"/>
  <testcase classname="YourLogo_Assessment.TC1_SearchAndVerify" name="OpenURL" time="3.285"/>
  <testcase classname="YourLogo_Assessment.TC1_SearchAndVerify" name="OpenURL" time="2.365"/>
  <testcase classname="YourLogo_Assessment.TC4_SignIn_using_credentials" name="TestCase4_SignIn_using_credentials" time="0.042"/>
  <testcase classname="YourLogo_Assessment.TC4_SignIn_using_credentials" name="TestCase4_SignIn_using_credentials" time="0.022"/>
  <testcase classname="YourLogo_Assessment.TC5_Cart_Validation" name="TestCase5_Cart_Validation" time="30.052"/>
  <testcase classname="YourLogo_Assessment.TC6_MenuNavigation" name="verifyHoveringWomanMenu" time="51.032">
    <failure type="java.lang.AssertionError" message="Submenu is not displayed under WOMEN Menu expected [true] but found [false]">
      <![CDATA[java.lang.AssertionError: Submenu is not displayed under WOMEN Menu expected [true] but found [false]
at YourLogo_Assessment.TC6_MenuNavigation.verifyHoveringWomanMenu(TC6_MenuNavigation.java:24)
... Removed 26 stack frames]]>
    </failure>
  </testcase> <!-- verifyHoveringWomanMenu -->
  <testcase classname="YourLogo_Assessment.TC1_SearchAndVerify" name="PerformSearchAndValidate" time="10.535">
    <failure type="org.openqa.selenium.WebDriverException" message="chrome not reachable
  (Session info: chrome=106.0.5249.62)
Build info: version: &amp;apos;3.141.59&amp;apos;, revision: &amp;apos;e82be7d358&amp;apos;, time: &amp;apos;2018-11-14T08:17:03&amp;apos;
System info: host: &amp;apos;03RNBL-1TF9JM3&amp;apos;, ip: &amp;apos;10.0.0.100&amp;apos;, os.name: &amp;apos;Windows 10&amp;apos;, os.arch: &amp;apos;amd64&amp;apos;, os.version: &amp;apos;10.0&amp;apos;, java.version: &amp;apos;18.0.2.1&amp;apos;
Driver info: org.openqa.selenium.chrome.ChromeDriver
Capabilities {acceptInsecureCerts: false, browserName: chrome, browserVersion: 106.0.5249.62, chrome: {chromedriverVersion: 105.0.5195.52 (412c95e51883..., userDataDir: C:\Users\KOTI~1.CHA\AppData...}, goog:chromeOptions: {debuggerAddress: localhost:64631}, javascriptEnabled: true, networkConnectionEnabled: false, pageLoadStrategy: normal, platform: WINDOWS, platformName: WINDOWS, proxy: Proxy(), setWindowRect: true, strictFileInteractability: false, timeouts: {implicit: 0, pageLoad: 300000, script: 30000}, unhandledPromptBehavior: dismiss and notify, webauthn:extension:credBlob: true, webauthn:extension:largeBlob: true, webauthn:virtualAuthenticators: true}
Session ID: 3d7cbc0a42b5b002c2145edade9d6740
*** Element info: {Using=id, value=search_query_top}">
      <![CDATA[org.openqa.selenium.WebDriverException: chrome not reachable
  (Session info: chrome=106.0.5249.62)
Build info: version: '3.141.59', revision: 'e82be7d358', time: '2018-11-14T08:17:03'
System info: host: '03RNBL-1TF9JM3', ip: '10.0.0.100', os.name: 'Windows 10', os.arch: 'amd64', os.version: '10.0', java.version: '18.0.2.1'
Driver info: org.openqa.selenium.chrome.ChromeDriver
Capabilities {acceptInsecureCerts: false, browserName: chrome, browserVersion: 106.0.5249.62, chrome: {chromedriverVersion: 105.0.5195.52 (412c95e51883..., userDataDir: C:\Users\KOTI~1.CHA\AppData...}, goog:chromeOptions: {debuggerAddress: localhost:64631}, javascriptEnabled: true, networkConnectionEnabled: false, pageLoadStrategy: normal, platform: WINDOWS, platformName: WINDOWS, proxy: Proxy(), setWindowRect: true, strictFileInteractability: false, timeouts: {implicit: 0, pageLoad: 300000, script: 30000}, unhandledPromptBehavior: dismiss and notify, webauthn:extension:credBlob: true, webauthn:extension:largeBlob: true, webauthn:virtualAuthenticators: true}
Session ID: 3d7cbc0a42b5b002c2145edade9d6740
*** Element info: {Using=id, value=search_query_top}
at org.openqa.selenium.remote.http.W3CHttpResponseCodec.createException(W3CHttpResponseCodec.java:187)
at org.openqa.selenium.remote.http.W3CHttpResponseCodec.decode(W3CHttpResponseCodec.java:122)
at org.openqa.selenium.remote.http.W3CHttpResponseCodec.decode(W3CHttpResponseCodec.java:49)
at org.openqa.selenium.remote.HttpCommandExecutor.execute(HttpCommandExecutor.java:158)
at org.openqa.selenium.remote.service.DriverCommandExecutor.execute(DriverCommandExecutor.java:83)
at org.openqa.selenium.remote.RemoteWebDriver.execute(RemoteWebDriver.java:552)
at org.openqa.selenium.remote.RemoteWebDriver.findElement(RemoteWebDriver.java:323)
at org.openqa.selenium.remote.RemoteWebDriver.findElementById(RemoteWebDriver.java:372)
at org.openqa.selenium.By$ById.findElement(By.java:188)
at org.openqa.selenium.remote.RemoteWebDriver.findElement(RemoteWebDriver.java:315)
at YourLogo_Assessment.TC1_SearchAndVerify.PerformSearchAndValidate(TC1_SearchAndVerify.java:55)
... Removed 26 stack frames]]>
    </failure>
  </testcase> <!-- PerformSearchAndValidate -->
  <testcase classname="YourLogo_Assessment.TC1_SearchAndVerify" name="PerformSearchAndValidate" time="10.42">
    <failure type="org.openqa.selenium.WebDriverException" message="chrome not reachable
  (Session info: chrome=106.0.5249.62)
Build info: version: &amp;apos;3.141.59&amp;apos;, revision: &amp;apos;e82be7d358&amp;apos;, time: &amp;apos;2018-11-14T08:17:03&amp;apos;
System info: host: &amp;apos;03RNBL-1TF9JM3&amp;apos;, ip: &amp;apos;10.0.0.100&amp;apos;, os.name: &amp;apos;Windows 10&amp;apos;, os.arch: &amp;apos;amd64&amp;apos;, os.version: &amp;apos;10.0&amp;apos;, java.version: &amp;apos;18.0.2.1&amp;apos;
Driver info: org.openqa.selenium.chrome.ChromeDriver
Capabilities {acceptInsecureCerts: false, browserName: chrome, browserVersion: 106.0.5249.62, chrome: {chromedriverVersion: 105.0.5195.52 (412c95e51883..., userDataDir: C:\Users\KOTI~1.CHA\AppData...}, goog:chromeOptions: {debuggerAddress: localhost:64649}, javascriptEnabled: true, networkConnectionEnabled: false, pageLoadStrategy: normal, platform: WINDOWS, platformName: WINDOWS, proxy: Proxy(), setWindowRect: true, strictFileInteractability: false, timeouts: {implicit: 0, pageLoad: 300000, script: 30000}, unhandledPromptBehavior: dismiss and notify, webauthn:extension:credBlob: true, webauthn:extension:largeBlob: true, webauthn:virtualAuthenticators: true}
Session ID: a1b355afa5756152411f2141790cefac
*** Element info: {Using=id, value=search_query_top}">
      <![CDATA[org.openqa.selenium.WebDriverException: chrome not reachable
  (Session info: chrome=106.0.5249.62)
Build info: version: '3.141.59', revision: 'e82be7d358', time: '2018-11-14T08:17:03'
System info: host: '03RNBL-1TF9JM3', ip: '10.0.0.100', os.name: 'Windows 10', os.arch: 'amd64', os.version: '10.0', java.version: '18.0.2.1'
Driver info: org.openqa.selenium.chrome.ChromeDriver
Capabilities {acceptInsecureCerts: false, browserName: chrome, browserVersion: 106.0.5249.62, chrome: {chromedriverVersion: 105.0.5195.52 (412c95e51883..., userDataDir: C:\Users\KOTI~1.CHA\AppData...}, goog:chromeOptions: {debuggerAddress: localhost:64649}, javascriptEnabled: true, networkConnectionEnabled: false, pageLoadStrategy: normal, platform: WINDOWS, platformName: WINDOWS, proxy: Proxy(), setWindowRect: true, strictFileInteractability: false, timeouts: {implicit: 0, pageLoad: 300000, script: 30000}, unhandledPromptBehavior: dismiss and notify, webauthn:extension:credBlob: true, webauthn:extension:largeBlob: true, webauthn:virtualAuthenticators: true}
Session ID: a1b355afa5756152411f2141790cefac
*** Element info: {Using=id, value=search_query_top}
at org.openqa.selenium.remote.http.W3CHttpResponseCodec.createException(W3CHttpResponseCodec.java:187)
at org.openqa.selenium.remote.http.W3CHttpResponseCodec.decode(W3CHttpResponseCodec.java:122)
at org.openqa.selenium.remote.http.W3CHttpResponseCodec.decode(W3CHttpResponseCodec.java:49)
at org.openqa.selenium.remote.HttpCommandExecutor.execute(HttpCommandExecutor.java:158)
at org.openqa.selenium.remote.service.DriverCommandExecutor.execute(DriverCommandExecutor.java:83)
at org.openqa.selenium.remote.RemoteWebDriver.execute(RemoteWebDriver.java:552)
at org.openqa.selenium.remote.RemoteWebDriver.findElement(RemoteWebDriver.java:323)
at org.openqa.selenium.remote.RemoteWebDriver.findElementById(RemoteWebDriver.java:372)
at org.openqa.selenium.By$ById.findElement(By.java:188)
at org.openqa.selenium.remote.RemoteWebDriver.findElement(RemoteWebDriver.java:315)
at YourLogo_Assessment.TC1_SearchAndVerify.PerformSearchAndValidate(TC1_SearchAndVerify.java:55)
... Removed 26 stack frames]]>
    </failure>
  </testcase> <!-- PerformSearchAndValidate -->
  <testcase classname="YourLogo_Assessment.TC1_SearchAndVerify" name="PerformSearchAndValidate" time="10.472">
    <failure type="org.openqa.selenium.WebDriverException" message="chrome not reachable
  (Session info: chrome=106.0.5249.62)
Build info: version: &amp;apos;3.141.59&amp;apos;, revision: &amp;apos;e82be7d358&amp;apos;, time: &amp;apos;2018-11-14T08:17:03&amp;apos;
System info: host: &amp;apos;03RNBL-1TF9JM3&amp;apos;, ip: &amp;apos;10.0.0.100&amp;apos;, os.name: &amp;apos;Windows 10&amp;apos;, os.arch: &amp;apos;amd64&amp;apos;, os.version: &amp;apos;10.0&amp;apos;, java.version: &amp;apos;18.0.2.1&amp;apos;
Driver info: org.openqa.selenium.chrome.ChromeDriver
Capabilities {acceptInsecureCerts: false, browserName: chrome, browserVersion: 106.0.5249.62, chrome: {chromedriverVersion: 105.0.5195.52 (412c95e51883..., userDataDir: C:\Users\KOTI~1.CHA\AppData...}, goog:chromeOptions: {debuggerAddress: localhost:64667}, javascriptEnabled: true, networkConnectionEnabled: false, pageLoadStrategy: normal, platform: WINDOWS, platformName: WINDOWS, proxy: Proxy(), setWindowRect: true, strictFileInteractability: false, timeouts: {implicit: 0, pageLoad: 300000, script: 30000}, unhandledPromptBehavior: dismiss and notify, webauthn:extension:credBlob: true, webauthn:extension:largeBlob: true, webauthn:virtualAuthenticators: true}
Session ID: 2567f93f0f5bf723d9db7f497be0a926
*** Element info: {Using=id, value=search_query_top}">
      <![CDATA[org.openqa.selenium.WebDriverException: chrome not reachable
  (Session info: chrome=106.0.5249.62)
Build info: version: '3.141.59', revision: 'e82be7d358', time: '2018-11-14T08:17:03'
System info: host: '03RNBL-1TF9JM3', ip: '10.0.0.100', os.name: 'Windows 10', os.arch: 'amd64', os.version: '10.0', java.version: '18.0.2.1'
Driver info: org.openqa.selenium.chrome.ChromeDriver
Capabilities {acceptInsecureCerts: false, browserName: chrome, browserVersion: 106.0.5249.62, chrome: {chromedriverVersion: 105.0.5195.52 (412c95e51883..., userDataDir: C:\Users\KOTI~1.CHA\AppData...}, goog:chromeOptions: {debuggerAddress: localhost:64667}, javascriptEnabled: true, networkConnectionEnabled: false, pageLoadStrategy: normal, platform: WINDOWS, platformName: WINDOWS, proxy: Proxy(), setWindowRect: true, strictFileInteractability: false, timeouts: {implicit: 0, pageLoad: 300000, script: 30000}, unhandledPromptBehavior: dismiss and notify, webauthn:extension:credBlob: true, webauthn:extension:largeBlob: true, webauthn:virtualAuthenticators: true}
Session ID: 2567f93f0f5bf723d9db7f497be0a926
*** Element info: {Using=id, value=search_query_top}
at org.openqa.selenium.remote.http.W3CHttpResponseCodec.createException(W3CHttpResponseCodec.java:187)
at org.openqa.selenium.remote.http.W3CHttpResponseCodec.decode(W3CHttpResponseCodec.java:122)
at org.openqa.selenium.remote.http.W3CHttpResponseCodec.decode(W3CHttpResponseCodec.java:49)
at org.openqa.selenium.remote.HttpCommandExecutor.execute(HttpCommandExecutor.java:158)
at org.openqa.selenium.remote.service.DriverCommandExecutor.execute(DriverCommandExecutor.java:83)
at org.openqa.selenium.remote.RemoteWebDriver.execute(RemoteWebDriver.java:552)
at org.openqa.selenium.remote.RemoteWebDriver.findElement(RemoteWebDriver.java:323)
at org.openqa.selenium.remote.RemoteWebDriver.findElementById(RemoteWebDriver.java:372)
at org.openqa.selenium.By$ById.findElement(By.java:188)
at org.openqa.selenium.remote.RemoteWebDriver.findElement(RemoteWebDriver.java:315)
at YourLogo_Assessment.TC1_SearchAndVerify.PerformSearchAndValidate(TC1_SearchAndVerify.java:55)
... Removed 26 stack frames]]>
    </failure>
  </testcase> <!-- PerformSearchAndValidate -->
  <testcase classname="YourLogo_Assessment.TC6_MenuNavigation" name="verifyHoveringDressesMenu" time="0.0">
    <skipped/>
  </testcase> <!-- verifyHoveringDressesMenu -->
  <testcase classname="YourLogo_Assessment.TC2_MultipleSearch" name="TestCase2_MultipleSearch" time="10.469">
    <failure type="org.openqa.selenium.WebDriverException" message="chrome not reachable
  (Session info: chrome=106.0.5249.62)
Build info: version: &amp;apos;3.141.59&amp;apos;, revision: &amp;apos;e82be7d358&amp;apos;, time: &amp;apos;2018-11-14T08:17:03&amp;apos;
System info: host: &amp;apos;03RNBL-1TF9JM3&amp;apos;, ip: &amp;apos;10.0.0.100&amp;apos;, os.name: &amp;apos;Windows 10&amp;apos;, os.arch: &amp;apos;amd64&amp;apos;, os.version: &amp;apos;10.0&amp;apos;, java.version: &amp;apos;18.0.2.1&amp;apos;
Driver info: org.openqa.selenium.chrome.ChromeDriver
Capabilities {acceptInsecureCerts: false, browserName: chrome, browserVersion: 106.0.5249.62, chrome: {chromedriverVersion: 105.0.5195.52 (412c95e51883..., userDataDir: C:\Users\KOTI~1.CHA\AppData...}, goog:chromeOptions: {debuggerAddress: localhost:64649}, javascriptEnabled: true, networkConnectionEnabled: false, pageLoadStrategy: normal, platform: WINDOWS, platformName: WINDOWS, proxy: Proxy(), setWindowRect: true, strictFileInteractability: false, timeouts: {implicit: 0, pageLoad: 300000, script: 30000}, unhandledPromptBehavior: dismiss and notify, webauthn:extension:credBlob: true, webauthn:extension:largeBlob: true, webauthn:virtualAuthenticators: true}
Session ID: a1b355afa5756152411f2141790cefac
*** Element info: {Using=id, value=search_query_top}">
      <![CDATA[org.openqa.selenium.WebDriverException: chrome not reachable
  (Session info: chrome=106.0.5249.62)
Build info: version: '3.141.59', revision: 'e82be7d358', time: '2018-11-14T08:17:03'
System info: host: '03RNBL-1TF9JM3', ip: '10.0.0.100', os.name: 'Windows 10', os.arch: 'amd64', os.version: '10.0', java.version: '18.0.2.1'
Driver info: org.openqa.selenium.chrome.ChromeDriver
Capabilities {acceptInsecureCerts: false, browserName: chrome, browserVersion: 106.0.5249.62, chrome: {chromedriverVersion: 105.0.5195.52 (412c95e51883..., userDataDir: C:\Users\KOTI~1.CHA\AppData...}, goog:chromeOptions: {debuggerAddress: localhost:64649}, javascriptEnabled: true, networkConnectionEnabled: false, pageLoadStrategy: normal, platform: WINDOWS, platformName: WINDOWS, proxy: Proxy(), setWindowRect: true, strictFileInteractability: false, timeouts: {implicit: 0, pageLoad: 300000, script: 30000}, unhandledPromptBehavior: dismiss and notify, webauthn:extension:credBlob: true, webauthn:extension:largeBlob: true, webauthn:virtualAuthenticators: true}
Session ID: a1b355afa5756152411f2141790cefac
*** Element info: {Using=id, value=search_query_top}
at org.openqa.selenium.remote.http.W3CHttpResponseCodec.createException(W3CHttpResponseCodec.java:187)
at org.openqa.selenium.remote.http.W3CHttpResponseCodec.decode(W3CHttpResponseCodec.java:122)
at org.openqa.selenium.remote.http.W3CHttpResponseCodec.decode(W3CHttpResponseCodec.java:49)
at org.openqa.selenium.remote.HttpCommandExecutor.execute(HttpCommandExecutor.java:158)
at org.openqa.selenium.remote.service.DriverCommandExecutor.execute(DriverCommandExecutor.java:83)
at org.openqa.selenium.remote.RemoteWebDriver.execute(RemoteWebDriver.java:552)
at org.openqa.selenium.remote.RemoteWebDriver.findElement(RemoteWebDriver.java:323)
at org.openqa.selenium.remote.RemoteWebDriver.findElementById(RemoteWebDriver.java:372)
at org.openqa.selenium.By$ById.findElement(By.java:188)
at org.openqa.selenium.remote.RemoteWebDriver.findElement(RemoteWebDriver.java:315)
at YourLogo_Assessment.TC1_SearchAndVerify.PerformSearchAndValidate(TC1_SearchAndVerify.java:55)
at YourLogo_Assessment.TC2_MultipleSearch.TestCase2_MultipleSearch(TC2_MultipleSearch.java:30)
... Removed 26 stack frames]]>
    </failure>
  </testcase> <!-- TestCase2_MultipleSearch -->
  <testcase classname="YourLogo_Assessment.TC3_DataDrivenApproachUsingExcel" name="TeastCase3_DataDrivenApproachUsingExcel" time="11.087">
    <failure type="org.openqa.selenium.WebDriverException" message="chrome not reachable
  (Session info: chrome=106.0.5249.62)
Build info: version: &amp;apos;3.141.59&amp;apos;, revision: &amp;apos;e82be7d358&amp;apos;, time: &amp;apos;2018-11-14T08:17:03&amp;apos;
System info: host: &amp;apos;03RNBL-1TF9JM3&amp;apos;, ip: &amp;apos;10.0.0.100&amp;apos;, os.name: &amp;apos;Windows 10&amp;apos;, os.arch: &amp;apos;amd64&amp;apos;, os.version: &amp;apos;10.0&amp;apos;, java.version: &amp;apos;18.0.2.1&amp;apos;
Driver info: org.openqa.selenium.chrome.ChromeDriver
Capabilities {acceptInsecureCerts: false, browserName: chrome, browserVersion: 106.0.5249.62, chrome: {chromedriverVersion: 105.0.5195.52 (412c95e51883..., userDataDir: C:\Users\KOTI~1.CHA\AppData...}, goog:chromeOptions: {debuggerAddress: localhost:64667}, javascriptEnabled: true, networkConnectionEnabled: false, pageLoadStrategy: normal, platform: WINDOWS, platformName: WINDOWS, proxy: Proxy(), setWindowRect: true, strictFileInteractability: false, timeouts: {implicit: 0, pageLoad: 300000, script: 30000}, unhandledPromptBehavior: dismiss and notify, webauthn:extension:credBlob: true, webauthn:extension:largeBlob: true, webauthn:virtualAuthenticators: true}
Session ID: 2567f93f0f5bf723d9db7f497be0a926
*** Element info: {Using=id, value=search_query_top}">
      <![CDATA[org.openqa.selenium.WebDriverException: chrome not reachable
  (Session info: chrome=106.0.5249.62)
Build info: version: '3.141.59', revision: 'e82be7d358', time: '2018-11-14T08:17:03'
System info: host: '03RNBL-1TF9JM3', ip: '10.0.0.100', os.name: 'Windows 10', os.arch: 'amd64', os.version: '10.0', java.version: '18.0.2.1'
Driver info: org.openqa.selenium.chrome.ChromeDriver
Capabilities {acceptInsecureCerts: false, browserName: chrome, browserVersion: 106.0.5249.62, chrome: {chromedriverVersion: 105.0.5195.52 (412c95e51883..., userDataDir: C:\Users\KOTI~1.CHA\AppData...}, goog:chromeOptions: {debuggerAddress: localhost:64667}, javascriptEnabled: true, networkConnectionEnabled: false, pageLoadStrategy: normal, platform: WINDOWS, platformName: WINDOWS, proxy: Proxy(), setWindowRect: true, strictFileInteractability: false, timeouts: {implicit: 0, pageLoad: 300000, script: 30000}, unhandledPromptBehavior: dismiss and notify, webauthn:extension:credBlob: true, webauthn:extension:largeBlob: true, webauthn:virtualAuthenticators: true}
Session ID: 2567f93f0f5bf723d9db7f497be0a926
*** Element info: {Using=id, value=search_query_top}
at org.openqa.selenium.remote.http.W3CHttpResponseCodec.createException(W3CHttpResponseCodec.java:187)
at org.openqa.selenium.remote.http.W3CHttpResponseCodec.decode(W3CHttpResponseCodec.java:122)
at org.openqa.selenium.remote.http.W3CHttpResponseCodec.decode(W3CHttpResponseCodec.java:49)
at org.openqa.selenium.remote.HttpCommandExecutor.execute(HttpCommandExecutor.java:158)
at org.openqa.selenium.remote.service.DriverCommandExecutor.execute(DriverCommandExecutor.java:83)
at org.openqa.selenium.remote.RemoteWebDriver.execute(RemoteWebDriver.java:552)
at org.openqa.selenium.remote.RemoteWebDriver.findElement(RemoteWebDriver.java:323)
at org.openqa.selenium.remote.RemoteWebDriver.findElementById(RemoteWebDriver.java:372)
at org.openqa.selenium.By$ById.findElement(By.java:188)
at org.openqa.selenium.remote.RemoteWebDriver.findElement(RemoteWebDriver.java:315)
at YourLogo_Assessment.TC1_SearchAndVerify.PerformSearchAndValidate(TC1_SearchAndVerify.java:55)
at YourLogo_Assessment.TC3_DataDrivenApproachUsingExcel.TeastCase3_DataDrivenApproachUsingExcel(TC3_DataDrivenApproachUsingExcel.java:80)
... Removed 26 stack frames]]>
    </failure>
  </testcase> <!-- TeastCase3_DataDrivenApproachUsingExcel -->
  <testcase classname="YourLogo_Assessment.TC6_MenuNavigation" name="verifyClickOnTshirtsMenu" time="0.0">
    <skipped/>
  </testcase> <!-- verifyClickOnTshirtsMenu -->
  <testcase classname="YourLogo_Assessment.TC6_MenuNavigation" name="verifyClickOnTshirtsSubMenu_Under_Women_Menu" time="0.0">
    <skipped/>
  </testcase> <!-- verifyClickOnTshirtsSubMenu_Under_Women_Menu -->
  <testcase classname="YourLogo_Assessment.TC6_MenuNavigation" name="verifyClickOnBlousesSubMenu_Under_Women_Menu" time="0.0">
    <skipped/>
  </testcase> <!-- verifyClickOnBlousesSubMenu_Under_Women_Menu -->
  <testcase classname="YourLogo_Assessment.TC6_MenuNavigation" name="verifyClickOn_CasualDresses_submenu_Under_Women_Menu" time="0.0">
    <skipped/>
  </testcase> <!-- verifyClickOn_CasualDresses_submenu_Under_Women_Menu -->
  <testcase classname="YourLogo_Assessment.TC6_MenuNavigation" name="verifyClickOn_EveningDresses_submenu_Under_Women_Menu" time="0.0">
    <skipped/>
  </testcase> <!-- verifyClickOn_EveningDresses_submenu_Under_Women_Menu -->
  <testcase classname="YourLogo_Assessment.TC6_MenuNavigation" name="verifyClickOn_SummerDresses_submenu_Under_Women_Menu" time="0.0">
    <skipped/>
  </testcase> <!-- verifyClickOn_SummerDresses_submenu_Under_Women_Menu -->
  <testcase classname="YourLogo_Assessment.TC6_MenuNavigation" name="verifyClickOn_CasualDresses_submenu_Under_Dresses_Menu" time="0.0">
    <skipped/>
  </testcase> <!-- verifyClickOn_CasualDresses_submenu_Under_Dresses_Menu -->
  <testcase classname="YourLogo_Assessment.TC6_MenuNavigation" name="verifyClickOn_EveningDresses_submenu_Under_Dresses_Menu" time="0.0">
    <skipped/>
  </testcase> <!-- verifyClickOn_EveningDresses_submenu_Under_Dresses_Menu -->
  <testcase classname="YourLogo_Assessment.TC6_MenuNavigation" name="verifyClickOn_SummerDresses_submenu_Under_Dresses_Menu" time="0.0">
    <skipped/>
  </testcase> <!-- verifyClickOn_SummerDresses_submenu_Under_Dresses_Menu -->
  <testcase classname="YourLogo_Assessment.TC1_SearchAndVerify" name="@AfterTest tearDown" time="0.0">
    <ignored/>
  </testcase> <!-- @AfterTest tearDown -->
  <testcase classname="YourLogo_Assessment.TC1_SearchAndVerify" name="@AfterTest tearDown" time="0.0">
    <ignored/>
  </testcase> <!-- @AfterTest tearDown -->
  <testcase classname="YourLogo_Assessment.TC4_SignIn_using_credentials" name="@AfterTest tearDown" time="0.0">
    <ignored/>
  </testcase> <!-- @AfterTest tearDown -->
  <testcase classname="YourLogo_Assessment.TC4_SignIn_using_credentials" name="@BeforeTest PreconditionBrowser" time="0.0">
    <ignored/>
  </testcase> <!-- @BeforeTest PreconditionBrowser -->
  <testcase classname="YourLogo_Assessment.TC1_SearchAndVerify" name="@BeforeTest PreconditionBrowser" time="0.0">
    <ignored/>
  </testcase> <!-- @BeforeTest PreconditionBrowser -->
  <testcase classname="YourLogo_Assessment.TC1_SearchAndVerify" name="@BeforeTest PreconditionBrowser" time="0.0">
    <ignored/>
  </testcase> <!-- @BeforeTest PreconditionBrowser -->
</testsuite> <!-- Test Case-1 -->
